Starting train.py at Mon Jun 23 08:07:15 CEST 2025
Working directory: /work/scratch/tdieudonne
PYTHONPATH: /work/scratch/tdieudonne:/work/scratch/tdieudonne:
/work/courses/csnlp/Team3/envs/csnlp/lib/python3.10/site-packages/transformers/utils/hub.py:105: FutureWarning: Using `TRANSFORMERS_CACHE` is deprecated and will be removed in v5 of Transformers. Use `HF_HOME` instead.
  warnings.warn(
wandb: Currently logged in as: gdgvn (Continual_Learning-DAL) to https://api.wandb.ai. Use `wandb login --relogin` to force relogin
wandb: Tracking run with wandb version 0.19.11
wandb: Run data is saved locally in /work/scratch/tdieudonne/wandb/run-20250623_080745-2s9gwmxl
wandb: Run `wandb offline` to turn off syncing.
wandb: Syncing run breezy-breeze-45
wandb: ⭐️ View project at https://wandb.ai/Continual_Learning-DAL/signvlm-fixed-phoenix-translation
wandb: 🚀 View run at https://wandb.ai/Continual_Learning-DAL/signvlm-fixed-phoenix-translation/runs/2s9gwmxl
The tokenizer class you load from this checkpoint is not the same type as the class this function is called from. It may result in unexpected tokenization. 
The tokenizer class you load from this checkpoint is 'PreTrainedTokenizerFast'. 
The class this function is called from is 'T5Tokenizer'.
Loading SignVLMYouTubeASL model...
Traceback (most recent call last):
  File "/work/scratch/tdieudonne/train.py", line 494, in <module>
    main()
  File "/work/scratch/tdieudonne/train.py", line 315, in main
    model = SignVLMYouTubeASL(
  File "/work/scratch/tdieudonne/sign_vlm.py", line 2154, in __init__
    self.tokenizer = T5Tokenizer.from_pretrained(model_name)
  File "/work/courses/csnlp/Team3/envs/csnlp/lib/python3.10/site-packages/transformers/tokenization_utils_base.py", line 2062, in from_pretrained
    return cls._from_pretrained(
  File "/work/courses/csnlp/Team3/envs/csnlp/lib/python3.10/site-packages/transformers/tokenization_utils_base.py", line 2302, in _from_pretrained
    tokenizer = cls(*init_inputs, **init_kwargs)
  File "/work/courses/csnlp/Team3/envs/csnlp/lib/python3.10/site-packages/transformers/models/t5/tokenization_t5.py", line 150, in __init__
    self.sp_model.Load(vocab_file)
  File "/work/courses/csnlp/Team3/envs/csnlp/lib/python3.10/site-packages/sentencepiece/__init__.py", line 961, in Load
    return self.LoadFromFile(model_file)
  File "/work/courses/csnlp/Team3/envs/csnlp/lib/python3.10/site-packages/sentencepiece/__init__.py", line 316, in LoadFromFile
    return _sentencepiece.SentencePieceProcessor_LoadFromFile(self, arg)
TypeError: not a string
[1;34mwandb[0m: 
[1;34mwandb[0m: 🚀 View run [33mbreezy-breeze-45[0m at: [34mhttps://wandb.ai/Continual_Learning-DAL/signvlm-fixed-phoenix-translation/runs/2s9gwmxl[0m
[1;34mwandb[0m: Find logs at: [1;35mwandb/run-20250623_080745-2s9gwmxl/logs[0m
